<?xml version="1.0" encoding="UTF-8"?>
<testsuite xmlns:xsi="http://www.w3.org/2001/XMLSchema-instance" xsi:noNamespaceSchemaLocation="https://maven.apache.org/surefire/maven-surefire-plugin/xsd/surefire-test-report-3.0.xsd" version="3.0" name="lab3.part_a.MovieTicketPriceCalculatorTests" time="0.163" tests="13" errors="0" skipped="0" failures="0">
  <properties>
[...]
</properties>
  <testcase name="computePriceTest_Child_DuringMatinee" classname="lab3.part_a.MovieTicketPriceCalculatorTests" time="0.057"/>
  <testcase name="computePriceTest_Adult_AfterMatinee" classname="lab3.part_a.MovieTicketPriceCalculatorTests" time="0.008"/>
  <testcase name="computePriceTest_InvalidAge" classname="lab3.part_a.MovieTicketPriceCalculatorTests" time="0.0"/>
  <testcase name="computeDiscountTest_Adult" classname="lab3.part_a.MovieTicketPriceCalculatorTests" time="0.006"/>
  <testcase name="computeDiscountTest_Child" classname="lab3.part_a.MovieTicketPriceCalculatorTests" time="0.003"/>
  <testcase name="computeDiscountTest_ZeroAge" classname="lab3.part_a.MovieTicketPriceCalculatorTests" time="0.002"/>
  <testcase name="computeDiscountTest_NegativeAge" classname="lab3.part_a.MovieTicketPriceCalculatorTests" time="0.002"/>
  <testcase name="calculatorTest_NullStartMatineeTime" classname="lab3.part_a.MovieTicketPriceCalculatorTests" time="0.005"/>
  <testcase name="calculatorTest_NullEndMatineeTime" classname="lab3.part_a.MovieTicketPriceCalculatorTests" time="0.001"/>
  <testcase name="computePriceTest_Senior_AtMatineeEnd" classname="lab3.part_a.MovieTicketPriceCalculatorTests" time="0.005"/>
  <testcase name="computeDiscountTest_Senior" classname="lab3.part_a.MovieTicketPriceCalculatorTests" time="0.0"/>
  <testcase name="calculatorTest_EndMatineeIsBeforeStartMatinee" classname="lab3.part_a.MovieTicketPriceCalculatorTests" time="0.008"/>
  <testcase name="computePriceTest_Adult_AtMatineeStart" classname="lab3.part_a.MovieTicketPriceCalculatorTests" time="0.0"/>
</testsuite>